2023-08-06 07:51:35.049487 - Initialized conversion of CBT834
2023-08-06 07:51:35.211856 - Received CBT.V505.FILE834.PDS from FILE834.XMI 
2023-08-06 07:51:35.214151 - Found $$$#DATE.txt (text/plain) in CBT.V505.FILE834.PDS, moved to PDS/$$$#DATE
2023-08-06 07:51:35.215311 - Found $$NOTE01.txt (text/plain) in CBT.V505.FILE834.PDS, moved to PDS/$$NOTE01
2023-08-06 07:51:35.216328 - Found $$NOTE02.txt (text/plain) in CBT.V505.FILE834.PDS, moved to PDS/$$NOTE02
2023-08-06 07:51:35.217254 - Found $DOC.txt (text/plain) in CBT.V505.FILE834.PDS, moved to PDS/$DOC
2023-08-06 07:51:35.218129 - Found #TST.txt (text/plain) in CBT.V505.FILE834.PDS, moved to PDS/#TST
2023-08-06 07:51:35.219124 - Found @FILE834.txt (text/plain) in CBT.V505.FILE834.PDS, moved to PDS/@FILE834
2023-08-06 07:51:35.220033 - Found COMMENT.rexx (text/plain) in CBT.V505.FILE834.PDS, moved to PDS/COMMENT
2023-08-06 07:51:35.220895 - Found DELDUP.rexx (text/plain) in CBT.V505.FILE834.PDS, moved to PDS/DELDUP
2023-08-06 07:51:35.221885 - Found EXTRDISP.rexx (text/plain) in CBT.V505.FILE834.PDS, moved to PDS/EXTRDISP
2023-08-06 07:51:35.222951 - Found GDGALLOC.rexx (text/plain) in CBT.V505.FILE834.PDS, moved to PDS/GDGALLOC
2023-08-06 07:51:35.223875 - Found LIST#UG.txt (text/plain) in CBT.V505.FILE834.PDS, moved to PDS/LIST#UG
2023-08-06 07:51:35.224764 - Found MARK.rexx (text/plain) in CBT.V505.FILE834.PDS, moved to PDS/MARK
2023-08-06 07:51:35.225663 - Found MARKC.rexx (text/plain) in CBT.V505.FILE834.PDS, moved to PDS/MARKC
2023-08-06 07:51:35.226653 - Found MIGRATE.rexx (text/plain) in CBT.V505.FILE834.PDS, moved to PDS/MIGRATE
2023-08-06 07:51:35.227597 - Found MIRG#UG.txt (text/plain) in CBT.V505.FILE834.PDS, moved to PDS/MIRG#UG
2023-08-06 07:51:35.227609 - Found OLD834.bin containing application/octet-stream, moved to PDS/OLD834
2023-08-06 07:51:35.229383 - Found QDS.rexx (text/plain) in CBT.V505.FILE834.PDS, moved to PDS/QDS
2023-08-06 07:51:35.235341 - Found SAMPLES.xmi (application/xmit) in CBT.V505.FILE834.PDS
2023-08-06 07:51:35.239420   - Received to CBT834/SAMPLES.FILE834
2023-08-06 07:51:35.240408 - Found SETREPL.txt (text/plain) in CBT.V505.FILE834.PDS, moved to PDS/SETREPL
2023-08-06 07:51:35.241317 - Found VIEWPOOL.rexx (text/plain) in CBT.V505.FILE834.PDS, moved to PDS/VIEWPOOL
2023-08-06 07:51:35.242174 - Found WHATCHA.rexx (text/plain) in CBT.V505.FILE834.PDS, moved to PDS/WHATCHA
